<?xml version="1.0" encoding="UTF-8"?>
<testsuite xmlns:xsi="http://www.w3.org/2001/XMLSchema-instance" xsi:noNamespaceSchemaLocation="https://maven.apache.org/surefire/maven-surefire-plugin/xsd/surefire-test-report.xsd" name="com.example.project.SubscriptionControllerTest" time="9.795" tests="8" errors="0" skipped="0" failures="0">
  <properties>
[...]
</properties>
  <testcase name="subDeleteTest" classname="com.example.project.SubscriptionControllerTest" time="1.153"/>
  <testcase name="subPutTest" classname="com.example.project.SubscriptionControllerTest" time="0.902"/>
  <testcase name="subGetTest" classname="com.example.project.SubscriptionControllerTest" time="0.741"/>
  <testcase name="subPutNegTest" classname="com.example.project.SubscriptionControllerTest" time="0.703"/>
  <testcase name="subGetNegTest" classname="com.example.project.SubscriptionControllerTest" time="0.553"/>
  <testcase name="subGetAllTest" classname="com.example.project.SubscriptionControllerTest" time="0.757"/>
  <testcase name="subDeleteNegTest" classname="com.example.project.SubscriptionControllerTest" time="0.667"/>
  <testcase name="subPostTest" classname="com.example.project.SubscriptionControllerTest" time="0.531"/>
</testsuite>