<?xml version="1.0" encoding="UTF-8"?>
<testsuite xmlns:xsi="http://www.w3.org/2001/XMLSchema-instance" xsi:schemaLocation="https://maven.apache.org/surefire/maven-surefire-plugin/xsd/surefire-test-report.xsd" name="com.example.project.cucumberTests.CucumberIntgTest" time="3.679" tests="5" errors="0" skipped="0" failures="0">
  <properties>
[...]
</properties>
  <testcase name="A user gets all subscriptions" classname="subscription feature" time="3.136"/>
  <testcase name="A user gets a specific subscription" classname="subscription feature" time="0.031"/>
  <testcase name="A user posts a new subscription" classname="subscription feature" time="0.039"/>
  <testcase name="A user deletes a subscription" classname="subscription feature" time="0.046"/>
  <testcase name="A user updates a subscription" classname="subscription feature" time="0.019"/>
</testsuite>