<?xml version="1.0" encoding="UTF-8"?>
<testsuite xmlns:xsi="http://www.w3.org/2001/XMLSchema-instance" xsi:schemaLocation="https://maven.apache.org/surefire/maven-surefire-plugin/xsd/surefire-test-report.xsd" name="com.example.project.cucumberTests.KarateTest" time="0.864" tests="5" errors="5" skipped="0" failures="0">
  <properties>
[...]
</properties>
  <testcase name="[1:6] Retrieve all subscriptions" classname="[subscriptionK] CRUD functionality Subscriptions" time="0.211">
    <error message="subscriptionK.feature:8 - &#10;org.apache.http.conn.HttpHostConnectException: Connect to localhost:8085 [localhost/127.0.0.1, localhost/0:0:0:0:0:0:0:1] failed: Connection refused (Connection refused)" type="com.intuit.karate.exception.KarateException">com.intuit.karate.exception.KarateException: 
subscriptionK.feature:8 - 
org.apache.http.conn.HttpHostConnectException: Connect to localhost:8085 [localhost/127.0.0.1, localhost/0:0:0:0:0:0:0:1] failed: Connection refused (Connection refused)
</error>
    <system-out><![CDATA[16:41:49.891 [main] WARN com.intuit.karate - skipping bootstrap configuration: could not find or read file: classpath:karate-config.js
16:41:50.077 [main] DEBUG org.apache.http.client.protocol.RequestAddCookies - CookieSpec selected: karate
16:41:50.082 [main] DEBUG org.apache.http.client.protocol.RequestAuthCache - Auth cache not set in the context
16:41:50.083 [main] DEBUG com.intuit.karate - request:
1 > GET http://localhost:8085/subscriptions
1 > Accept-Encoding: gzip,deflate
1 > Connection: Keep-Alive
1 > Host: localhost:8085
1 > User-Agent: Apache-HttpClient/4.5.13 (Java/1.8.0_275)

16:41:50.084 [main] DEBUG org.apache.http.impl.conn.PoolingHttpClientConnectionManager - Connection request: [route: {}->http://localhost:8085][total available: 0; route allocated: 0 of 5; total allocated: 0 of 10]
16:41:50.092 [main] DEBUG org.apache.http.impl.conn.PoolingHttpClientConnectionManager - Connection leased: [id: 0][route: {}->http://localhost:8085][total available: 0; route allocated: 1 of 5; total allocated: 1 of 10]
16:41:50.093 [main] DEBUG org.apache.http.impl.execchain.MainClientExec - Opening connection {}->http://localhost:8085
16:41:50.097 [main] DEBUG org.apache.http.impl.conn.DefaultHttpClientConnectionOperator - Connecting to localhost/127.0.0.1:8085
16:41:50.100 [main] DEBUG org.apache.http.impl.conn.DefaultHttpClientConnectionOperator - Connect to localhost/127.0.0.1:8085 timed out. Connection will be retried using another IP address
16:41:50.100 [main] DEBUG org.apache.http.impl.conn.DefaultHttpClientConnectionOperator - Connecting to localhost/0:0:0:0:0:0:0:1:8085
16:41:50.100 [main] DEBUG org.apache.http.impl.conn.DefaultManagedHttpClientConnection - http-outgoing-0: Shutdown connection
16:41:50.100 [main] DEBUG org.apache.http.impl.execchain.MainClientExec - Connection discarded
16:41:50.100 [main] DEBUG org.apache.http.impl.conn.PoolingHttpClientConnectionManager - Connection released: [id: 0][route: {}->http://localhost:8085][total available: 0; route allocated: 0 of 5; total allocated: 0 of 10]
16:41:50.100 [main] ERROR com.intuit.karate - org.apache.http.conn.HttpHostConnectException: Connect to localhost:8085 [localhost/127.0.0.1, localhost/0:0:0:0:0:0:0:1] failed: Connection refused (Connection refused), http call failed after 17 milliseconds for URL: http://localhost:8085/subscriptions
16:41:50.100 [main] ERROR com.intuit.karate - http request failed: 
org.apache.http.conn.HttpHostConnectException: Connect to localhost:8085 [localhost/127.0.0.1, localhost/0:0:0:0:0:0:0:1] failed: Connection refused (Connection refused)
]]></system-out>
  </testcase>
  <testcase name="[2:11] Retrieve one subscription" classname="[subscriptionK] CRUD functionality Subscriptions" time="0.007">
    <error message="subscriptionK.feature:13 - &#10;org.apache.http.conn.HttpHostConnectException: Connect to localhost:8085 [localhost/127.0.0.1, localhost/0:0:0:0:0:0:0:1] failed: Connection refused (Connection refused)" type="com.intuit.karate.exception.KarateException">com.intuit.karate.exception.KarateException: 
subscriptionK.feature:13 - 
org.apache.http.conn.HttpHostConnectException: Connect to localhost:8085 [localhost/127.0.0.1, localhost/0:0:0:0:0:0:0:1] failed: Connection refused (Connection refused)
</error>
    <system-out><![CDATA[16:41:50.109 [main] WARN com.intuit.karate - skipping bootstrap configuration: could not find or read file: classpath:karate-config.js
16:41:50.112 [main] DEBUG org.apache.http.client.protocol.RequestAddCookies - CookieSpec selected: karate
16:41:50.112 [main] DEBUG org.apache.http.client.protocol.RequestAuthCache - Auth cache not set in the context
16:41:50.112 [main] DEBUG com.intuit.karate - request:
1 > GET http://localhost:8085/subscriptions/1
1 > Accept-Encoding: gzip,deflate
1 > Connection: Keep-Alive
1 > Host: localhost:8085
1 > User-Agent: Apache-HttpClient/4.5.13 (Java/1.8.0_275)

16:41:50.112 [main] DEBUG org.apache.http.impl.conn.PoolingHttpClientConnectionManager - Connection request: [route: {}->http://localhost:8085][total available: 0; route allocated: 0 of 5; total allocated: 0 of 10]
16:41:50.112 [main] DEBUG org.apache.http.impl.conn.PoolingHttpClientConnectionManager - Connection leased: [id: 1][route: {}->http://localhost:8085][total available: 0; route allocated: 1 of 5; total allocated: 1 of 10]
16:41:50.112 [main] DEBUG org.apache.http.impl.execchain.MainClientExec - Opening connection {}->http://localhost:8085
16:41:50.112 [main] DEBUG org.apache.http.impl.conn.DefaultHttpClientConnectionOperator - Connecting to localhost/127.0.0.1:8085
16:41:50.113 [main] DEBUG org.apache.http.impl.conn.DefaultHttpClientConnectionOperator - Connect to localhost/127.0.0.1:8085 timed out. Connection will be retried using another IP address
16:41:50.113 [main] DEBUG org.apache.http.impl.conn.DefaultHttpClientConnectionOperator - Connecting to localhost/0:0:0:0:0:0:0:1:8085
16:41:50.113 [main] DEBUG org.apache.http.impl.conn.DefaultManagedHttpClientConnection - http-outgoing-1: Shutdown connection
16:41:50.113 [main] DEBUG org.apache.http.impl.execchain.MainClientExec - Connection discarded
16:41:50.113 [main] DEBUG org.apache.http.impl.conn.PoolingHttpClientConnectionManager - Connection released: [id: 1][route: {}->http://localhost:8085][total available: 0; route allocated: 0 of 5; total allocated: 0 of 10]
16:41:50.113 [main] ERROR com.intuit.karate - org.apache.http.conn.HttpHostConnectException: Connect to localhost:8085 [localhost/127.0.0.1, localhost/0:0:0:0:0:0:0:1] failed: Connection refused (Connection refused), http call failed after 1 milliseconds for URL: http://localhost:8085/subscriptions/1
16:41:50.113 [main] ERROR com.intuit.karate - http request failed: 
org.apache.http.conn.HttpHostConnectException: Connect to localhost:8085 [localhost/127.0.0.1, localhost/0:0:0:0:0:0:0:1] failed: Connection refused (Connection refused)
]]></system-out>
  </testcase>
  <testcase name="[3:16] Add a new subscription" classname="[subscriptionK] CRUD functionality Subscriptions" time="0.042">
    <error message="subscriptionK.feature:19 - &#10;org.apache.http.conn.HttpHostConnectException: Connect to localhost:8085 [localhost/127.0.0.1, localhost/0:0:0:0:0:0:0:1] failed: Connection refused (Connection refused)" type="com.intuit.karate.exception.KarateException">com.intuit.karate.exception.KarateException: 
subscriptionK.feature:19 - 
org.apache.http.conn.HttpHostConnectException: Connect to localhost:8085 [localhost/127.0.0.1, localhost/0:0:0:0:0:0:0:1] failed: Connection refused (Connection refused)
</error>
    <system-out><![CDATA[16:41:50.120 [main] WARN com.intuit.karate - skipping bootstrap configuration: could not find or read file: classpath:karate-config.js
16:41:50.151 [main] DEBUG com.jayway.jsonpath.internal.path.CompiledPath - Evaluating path: $
16:41:50.158 [main] DEBUG org.apache.http.client.protocol.RequestAddCookies - CookieSpec selected: karate
16:41:50.158 [main] DEBUG org.apache.http.client.protocol.RequestAuthCache - Auth cache not set in the context
16:41:50.159 [main] DEBUG com.intuit.karate - request:
1 > POST http://localhost:8085/subscriptions
1 > Accept-Encoding: gzip,deflate
1 > Connection: Keep-Alive
1 > Content-Length: 59
1 > Content-Type: application/json; charset=UTF-8
1 > Host: localhost:8085
1 > User-Agent: Apache-HttpClient/4.5.13 (Java/1.8.0_275)
{"name":"iCloud","price":0.79,"date":24,"account":"Lloyds"}

16:41:50.159 [main] DEBUG org.apache.http.impl.conn.PoolingHttpClientConnectionManager - Connection request: [route: {}->http://localhost:8085][total available: 0; route allocated: 0 of 5; total allocated: 0 of 10]
16:41:50.159 [main] DEBUG org.apache.http.impl.conn.PoolingHttpClientConnectionManager - Connection leased: [id: 2][route: {}->http://localhost:8085][total available: 0; route allocated: 1 of 5; total allocated: 1 of 10]
16:41:50.159 [main] DEBUG org.apache.http.impl.execchain.MainClientExec - Opening connection {}->http://localhost:8085
16:41:50.160 [main] DEBUG org.apache.http.impl.conn.DefaultHttpClientConnectionOperator - Connecting to localhost/127.0.0.1:8085
16:41:50.160 [main] DEBUG org.apache.http.impl.conn.DefaultHttpClientConnectionOperator - Connect to localhost/127.0.0.1:8085 timed out. Connection will be retried using another IP address
16:41:50.160 [main] DEBUG org.apache.http.impl.conn.DefaultHttpClientConnectionOperator - Connecting to localhost/0:0:0:0:0:0:0:1:8085
16:41:50.160 [main] DEBUG org.apache.http.impl.conn.DefaultManagedHttpClientConnection - http-outgoing-2: Shutdown connection
16:41:50.160 [main] DEBUG org.apache.http.impl.execchain.MainClientExec - Connection discarded
16:41:50.160 [main] DEBUG org.apache.http.impl.conn.PoolingHttpClientConnectionManager - Connection released: [id: 2][route: {}->http://localhost:8085][total available: 0; route allocated: 0 of 5; total allocated: 0 of 10]
16:41:50.160 [main] ERROR com.intuit.karate - org.apache.http.conn.HttpHostConnectException: Connect to localhost:8085 [localhost/127.0.0.1, localhost/0:0:0:0:0:0:0:1] failed: Connection refused (Connection refused), http call failed after 1 milliseconds for URL: http://localhost:8085/subscriptions
16:41:50.160 [main] ERROR com.intuit.karate - http request failed: 
org.apache.http.conn.HttpHostConnectException: Connect to localhost:8085 [localhost/127.0.0.1, localhost/0:0:0:0:0:0:0:1] failed: Connection refused (Connection refused)
]]></system-out>
  </testcase>
  <testcase name="[4:22] Delete one subscription" classname="[subscriptionK] CRUD functionality Subscriptions" time="0.009">
    <error message="subscriptionK.feature:24 - &#10;org.apache.http.conn.HttpHostConnectException: Connect to localhost:8085 [localhost/127.0.0.1, localhost/0:0:0:0:0:0:0:1] failed: Connection refused (Connection refused)" type="com.intuit.karate.exception.KarateException">com.intuit.karate.exception.KarateException: 
subscriptionK.feature:24 - 
org.apache.http.conn.HttpHostConnectException: Connect to localhost:8085 [localhost/127.0.0.1, localhost/0:0:0:0:0:0:0:1] failed: Connection refused (Connection refused)
</error>
    <system-out><![CDATA[16:41:50.167 [main] WARN com.intuit.karate - skipping bootstrap configuration: could not find or read file: classpath:karate-config.js
16:41:50.171 [main] DEBUG org.apache.http.client.protocol.RequestAddCookies - CookieSpec selected: karate
16:41:50.171 [main] DEBUG org.apache.http.client.protocol.RequestAuthCache - Auth cache not set in the context
16:41:50.171 [main] DEBUG com.intuit.karate - request:
1 > DELETE http://localhost:8085/subscriptions/4
1 > Accept-Encoding: gzip,deflate
1 > Connection: Keep-Alive
1 > Host: localhost:8085
1 > User-Agent: Apache-HttpClient/4.5.13 (Java/1.8.0_275)

16:41:50.171 [main] DEBUG org.apache.http.impl.conn.PoolingHttpClientConnectionManager - Connection request: [route: {}->http://localhost:8085][total available: 0; route allocated: 0 of 5; total allocated: 0 of 10]
16:41:50.172 [main] DEBUG org.apache.http.impl.conn.PoolingHttpClientConnectionManager - Connection leased: [id: 3][route: {}->http://localhost:8085][total available: 0; route allocated: 1 of 5; total allocated: 1 of 10]
16:41:50.172 [main] DEBUG org.apache.http.impl.execchain.MainClientExec - Opening connection {}->http://localhost:8085
16:41:50.172 [main] DEBUG org.apache.http.impl.conn.DefaultHttpClientConnectionOperator - Connecting to localhost/127.0.0.1:8085
16:41:50.172 [main] DEBUG org.apache.http.impl.conn.DefaultHttpClientConnectionOperator - Connect to localhost/127.0.0.1:8085 timed out. Connection will be retried using another IP address
16:41:50.172 [main] DEBUG org.apache.http.impl.conn.DefaultHttpClientConnectionOperator - Connecting to localhost/0:0:0:0:0:0:0:1:8085
16:41:50.172 [main] DEBUG org.apache.http.impl.conn.DefaultManagedHttpClientConnection - http-outgoing-3: Shutdown connection
16:41:50.172 [main] DEBUG org.apache.http.impl.execchain.MainClientExec - Connection discarded
16:41:50.173 [main] DEBUG org.apache.http.impl.conn.PoolingHttpClientConnectionManager - Connection released: [id: 3][route: {}->http://localhost:8085][total available: 0; route allocated: 0 of 5; total allocated: 0 of 10]
16:41:50.173 [main] ERROR com.intuit.karate - org.apache.http.conn.HttpHostConnectException: Connect to localhost:8085 [localhost/127.0.0.1, localhost/0:0:0:0:0:0:0:1] failed: Connection refused (Connection refused), http call failed after 2 milliseconds for URL: http://localhost:8085/subscriptions/4
16:41:50.173 [main] ERROR com.intuit.karate - http request failed: 
org.apache.http.conn.HttpHostConnectException: Connect to localhost:8085 [localhost/127.0.0.1, localhost/0:0:0:0:0:0:0:1] failed: Connection refused (Connection refused)
]]></system-out>
  </testcase>
  <testcase name="[5:27] Update a subscription" classname="[subscriptionK] CRUD functionality Subscriptions" time="0.006">
    <error message="subscriptionK.feature:30 - &#10;org.apache.http.conn.HttpHostConnectException: Connect to localhost:8085 [localhost/127.0.0.1, localhost/0:0:0:0:0:0:0:1] failed: Connection refused (Connection refused)" type="com.intuit.karate.exception.KarateException">com.intuit.karate.exception.KarateException: 
subscriptionK.feature:30 - 
org.apache.http.conn.HttpHostConnectException: Connect to localhost:8085 [localhost/127.0.0.1, localhost/0:0:0:0:0:0:0:1] failed: Connection refused (Connection refused)
</error>
    <system-out><![CDATA[16:41:50.178 [main] WARN com.intuit.karate - skipping bootstrap configuration: could not find or read file: classpath:karate-config.js
16:41:50.179 [main] DEBUG com.jayway.jsonpath.internal.path.CompiledPath - Evaluating path: $
16:41:50.180 [main] DEBUG org.apache.http.client.protocol.RequestAddCookies - CookieSpec selected: karate
16:41:50.180 [main] DEBUG org.apache.http.client.protocol.RequestAuthCache - Auth cache not set in the context
16:41:50.180 [main] DEBUG com.intuit.karate - request:
1 > PUT http://localhost:8085/subscriptions/1
1 > Accept-Encoding: gzip,deflate
1 > Connection: Keep-Alive
1 > Content-Length: 63
1 > Content-Type: application/json; charset=UTF-8
1 > Host: localhost:8085
1 > User-Agent: Apache-HttpClient/4.5.13 (Java/1.8.0_275)
{"name":"Amazon Prime","price":7.99,"date":24,"account":"Amex"}

16:41:50.181 [main] DEBUG org.apache.http.impl.conn.PoolingHttpClientConnectionManager - Connection request: [route: {}->http://localhost:8085][total available: 0; route allocated: 0 of 5; total allocated: 0 of 10]
16:41:50.181 [main] DEBUG org.apache.http.impl.conn.PoolingHttpClientConnectionManager - Connection leased: [id: 4][route: {}->http://localhost:8085][total available: 0; route allocated: 1 of 5; total allocated: 1 of 10]
16:41:50.181 [main] DEBUG org.apache.http.impl.execchain.MainClientExec - Opening connection {}->http://localhost:8085
16:41:50.181 [main] DEBUG org.apache.http.impl.conn.DefaultHttpClientConnectionOperator - Connecting to localhost/127.0.0.1:8085
16:41:50.181 [main] DEBUG org.apache.http.impl.conn.DefaultHttpClientConnectionOperator - Connect to localhost/127.0.0.1:8085 timed out. Connection will be retried using another IP address
16:41:50.181 [main] DEBUG org.apache.http.impl.conn.DefaultHttpClientConnectionOperator - Connecting to localhost/0:0:0:0:0:0:0:1:8085
16:41:50.181 [main] DEBUG org.apache.http.impl.conn.DefaultManagedHttpClientConnection - http-outgoing-4: Shutdown connection
16:41:50.181 [main] DEBUG org.apache.http.impl.execchain.MainClientExec - Connection discarded
16:41:50.182 [main] DEBUG org.apache.http.impl.conn.PoolingHttpClientConnectionManager - Connection released: [id: 4][route: {}->http://localhost:8085][total available: 0; route allocated: 0 of 5; total allocated: 0 of 10]
16:41:50.182 [main] ERROR com.intuit.karate - org.apache.http.conn.HttpHostConnectException: Connect to localhost:8085 [localhost/127.0.0.1, localhost/0:0:0:0:0:0:0:1] failed: Connection refused (Connection refused), http call failed after 2 milliseconds for URL: http://localhost:8085/subscriptions/1
16:41:50.182 [main] ERROR com.intuit.karate - http request failed: 
org.apache.http.conn.HttpHostConnectException: Connect to localhost:8085 [localhost/127.0.0.1, localhost/0:0:0:0:0:0:0:1] failed: Connection refused (Connection refused)
]]></system-out>
  </testcase>
</testsuite>